<?xml version="1.0" encoding="UTF-8"?>
<testsuite name="com.audition.web.AuditionControllerTest" tests="4" skipped="0" failures="0" errors="0" timestamp="2025-04-08T00:07:21" hostname="JAGUDANIYA" time="0.186">
  <properties/>
  <testcase name="getPostByIdTest()" classname="com.audition.web.AuditionControllerTest" time="0.161"/>
  <testcase name="getCommentByIdTest()" classname="com.audition.web.AuditionControllerTest" time="0.01"/>
  <testcase name="getPostWithCommentsTest()" classname="com.audition.web.AuditionControllerTest" time="0.005"/>
  <testcase name="getPostsWithFilterTest()" classname="com.audition.web.AuditionControllerTest" time="0.006"/>
  <system-out><![CDATA[10:07:21.983 [Test worker] DEBUG com.audition.web.AuditionController - Entering method AuditionController.getPosts with postId: 1
10:07:21.988 [Test worker] DEBUG com.audition.web.AuditionController - Exiting method AuditionController.getPosts with postId: 1
10:07:22.018 [Test worker] DEBUG com.audition.web.AuditionController - Exiting method AuditionController.getCommentById with postId: 1
10:07:22.018 [Test worker] DEBUG com.audition.web.AuditionController - Exiting method AuditionController.getCommentById with postId: 1
10:07:22.026 [Test worker] DEBUG com.audition.web.AuditionController - Entering method AuditionController.getPostWithComments with postId: 1
10:07:22.027 [Test worker] DEBUG com.audition.web.AuditionController - Exiting method AuditionController.getPostWithComments with postId: 1
10:07:22.033 [Test worker] DEBUG com.audition.web.AuditionController - Entering method AuditionController.getPostsWithFilter with title: Post Title
10:07:22.033 [Test worker] DEBUG com.audition.web.AuditionController - Exiting method AuditionController.getPostsWithFilter with title: Post Title
]]></system-out>
  <system-err><![CDATA[]]></system-err>
</testsuite>
