<?xml version="1.0" encoding="UTF-8"?>
<testsuite name="com.audition.configuration.CustomAuthenticationEntryPointTest" tests="1" skipped="0" failures="0" errors="0" timestamp="2025-04-08T00:07:19" hostname="JAGUDANIYA" time="0.659">
  <properties/>
  <testcase name="commenceT()" classname="com.audition.configuration.CustomAuthenticationEntryPointTest" time="0.659"/>
  <system-out><![CDATA[]]></system-out>
  <system-err><![CDATA[]]></system-err>
</testsuite>
